<?xml version="1.0" encoding="UTF-8"?>
<!-- Generated by org.testng.reporters.JUnitXMLReporter -->
<testsuite ignored="0" hostname="Aminous129" failures="5" tests="22" name="Test" time="150.226" errors="0" timestamp="2023-04-27T14:26:19 EDT">
  <testcase classname="com.tutorial.qa.testcases.CreateAccountTest" name="enterAllValidFields" time="1.483"/>
  <testcase classname="com.tutorial.qa.testcases.CreateAccountTest" name="enterExistingLoginEmailField" time="1.299"/>
  <testcase classname="com.tutorial.qa.testcases.CreateAccountTest" name="enterNotSameSecondPasswordField" time="1.148"/>
  <testcase classname="com.tutorial.qa.testcases.CreateAccountTest" name="notClickOnPrivacyPolicyField" time="1.252"/>
  <testcase classname="com.tutorial.qa.testcases.CreateAccountTest" name="enterEmptyFirstNameField" time="1.159"/>
  <testcase classname="com.tutorial.qa.testcases.CreateAccountTest" name="enterEmptyLastNameField" time="1.226"/>
  <testcase classname="com.tutorial.qa.testcases.CreateAccountTest" name="enterEmptyEmailField" time="1.163"/>
  <testcase classname="com.tutorial.qa.testcases.CreateAccountTest" name="enterEmptyTelephoneField" time="1.106"/>
  <testcase classname="com.tutorial.qa.testcases.CreateAccountTest" name="enterEmptyPasswordField" time="0.972"/>
  <testcase classname="com.tutorial.qa.testcases.CreateAccountTest" name="enterEmptyPasswordConfirmField" time="0.988"/>
  <testcase classname="com.tutorial.qa.testcases.CreateAccountTest" name="enterEmailAddressField" time="0.511">
    <failure type="org.openqa.selenium.NoAlertPresentException" message="no such alert
  (Session info: chrome=112.0.5615.138)
Build info: version: &amp;apos;4.8.3&amp;apos;, revision: &amp;apos;e5e76298c3&amp;apos;
System info: os.name: &amp;apos;Windows 11&amp;apos;, os.arch: &amp;apos;amd64&amp;apos;, os.version: &amp;apos;10.0&amp;apos;, java.version: &amp;apos;17.0.5&amp;apos;
Driver info: org.openqa.selenium.chrome.ChromeDriver
Command: [8f5a5c8eabd6180c3d8a2401b4a31151, getAlertText {}]
Capabilities {acceptInsecureCerts: false, browserName: chrome, browserVersion: 112.0.5615.138, chrome: {chromedriverVersion: 112.0.5615.49 (bd2a7bcb881c..., userDataDir: C:\Users\amino\AppData\Loca...}, goog:chromeOptions: {debuggerAddress: localhost:64145}, networkConnectionEnabled: false, pageLoadStrategy: normal, platformName: WINDOWS, proxy: Proxy(), se:cdp: ws://localhost:64145/devtoo..., se:cdpVersion: 112.0.5615.138, setWindowRect: true, strictFileInteractability: false, timeouts: {implicit: 0, pageLoad: 300000, script: 30000}, unhandledPromptBehavior: dismiss and notify, webauthn:extension:credBlob: true, webauthn:extension:largeBlob: true, webauthn:extension:minPinLength: true, webauthn:extension:prf: true, webauthn:virtualAuthenticators: true}
Session ID: 8f5a5c8eabd6180c3d8a2401b4a31151">
      <![CDATA[org.openqa.selenium.NoAlertPresentException: no such alert
  (Session info: chrome=112.0.5615.138)
Build info: version: '4.8.3', revision: 'e5e76298c3'
System info: os.name: 'Windows 11', os.arch: 'amd64', os.version: '10.0', java.version: '17.0.5'
Driver info: org.openqa.selenium.chrome.ChromeDriver
Command: [8f5a5c8eabd6180c3d8a2401b4a31151, getAlertText {}]
Capabilities {acceptInsecureCerts: false, browserName: chrome, browserVersion: 112.0.5615.138, chrome: {chromedriverVersion: 112.0.5615.49 (bd2a7bcb881c..., userDataDir: C:\Users\amino\AppData\Loca...}, goog:chromeOptions: {debuggerAddress: localhost:64145}, networkConnectionEnabled: false, pageLoadStrategy: normal, platformName: WINDOWS, proxy: Proxy(), se:cdp: ws://localhost:64145/devtoo..., se:cdpVersion: 112.0.5615.138, setWindowRect: true, strictFileInteractability: false, timeouts: {implicit: 0, pageLoad: 300000, script: 30000}, unhandledPromptBehavior: dismiss and notify, webauthn:extension:credBlob: true, webauthn:extension:largeBlob: true, webauthn:extension:minPinLength: true, webauthn:extension:prf: true, webauthn:virtualAuthenticators: true}
Session ID: 8f5a5c8eabd6180c3d8a2401b4a31151
at org.openqa.selenium.remote.codec.w3c.W3CHttpResponseCodec.createException(W3CHttpResponseCodec.java:200)
at org.openqa.selenium.remote.codec.w3c.W3CHttpResponseCodec.decode(W3CHttpResponseCodec.java:133)
at org.openqa.selenium.remote.codec.w3c.W3CHttpResponseCodec.decode(W3CHttpResponseCodec.java:53)
at org.openqa.selenium.remote.HttpCommandExecutor.execute(HttpCommandExecutor.java:193)
at org.openqa.selenium.remote.service.DriverCommandExecutor.invokeExecute(DriverCommandExecutor.java:183)
at org.openqa.selenium.remote.service.DriverCommandExecutor.execute(DriverCommandExecutor.java:158)
at org.openqa.selenium.remote.RemoteWebDriver.execute(RemoteWebDriver.java:543)
at org.openqa.selenium.remote.RemoteWebDriver.execute(RemoteWebDriver.java:598)
at org.openqa.selenium.remote.RemoteWebDriver.execute(RemoteWebDriver.java:602)
at org.openqa.selenium.remote.RemoteWebDriver$RemoteTargetLocator.alert(RemoteWebDriver.java:1079)
at com.tutorial.qa.testcases.CreateAccountTest.enterEmailAddressField(CreateAccountTest.java:222)
at java.base/java.util.ArrayList.forEach(ArrayList.java:1511)
... Removed 32 stack frames]]>
    </failure>
  </testcase> <!-- enterEmailAddressField -->
  <testcase classname="com.tutorial.qa.testcases.SearchProductTest" name="SearchExistingProduct" time="0.952"/>
  <testcase classname="com.tutorial.qa.testcases.SearchProductTest" name="SearchNonExistingProduct" time="0.693"/>
  <testcase classname="com.tutorial.qa.testcases.SearchProductTest" name="SearchAnythingProduct" time="0.838"/>
  <testcase classname="com.tutorial.qa.testcases.SearchProductTest" name="SearchMultipleExistingProduct" time="1.057"/>
  <testcase classname="com.tutorial.qa.testcases.LoginTest" name="verifyTutorialLoginWithValidUsernameAndValidPassword" time="1.506"/>
  <testcase classname="com.tutorial.qa.testcases.LoginTest" name="verifyTutorialLoginWithInValidUsernameAndInValidPassword" time="0.729"/>
  <testcase classname="com.tutorial.qa.testcases.LoginTest" name="verifyTutorialLoginWithValidUsernameAndInValidPassword" time="0.982"/>
  <testcase classname="com.tutorial.qa.testcases.LoginTest" name="verifyTutorialLoginWithInValidUsernameAndValidPassword" time="0.749">
    <failure type="java.lang.AssertionError" message="The following asserts failed:
	Warning Message is not correct expected [true] but found [false]">
      <![CDATA[java.lang.AssertionError: The following asserts failed:
Warning Message is not correct expected [true] but found [false]
at com.tutorial.qa.testcases.LoginTest.verifyTutorialLoginWithInValidUsernameAndValidPassword(LoginTest.java:110)
at java.base/java.util.ArrayList.forEach(ArrayList.java:1511)
... Removed 29 stack frames]]>
    </failure>
  </testcase> <!-- verifyTutorialLoginWithInValidUsernameAndValidPassword -->
  <testcase classname="com.tutorial.qa.testcases.LoginTest" name="verifyTutorialLoginWithEmptyUsernameAndEmptyPassword" time="0.614">
    <failure type="java.lang.AssertionError" message="The following asserts failed:
	Warning Message is not correct expected [true] but found [false]">
      <![CDATA[java.lang.AssertionError: The following asserts failed:
Warning Message is not correct expected [true] but found [false]
at com.tutorial.qa.testcases.LoginTest.verifyTutorialLoginWithEmptyUsernameAndEmptyPassword(LoginTest.java:129)
at java.base/java.util.ArrayList.forEach(ArrayList.java:1511)
... Removed 29 stack frames]]>
    </failure>
  </testcase> <!-- verifyTutorialLoginWithEmptyUsernameAndEmptyPassword -->
  <testcase classname="com.tutorial.qa.testcases.LoginTest" name="verifyTutorialLoginWithEmptyUsernameAndValidPassword" time="0.613">
    <failure type="java.lang.AssertionError" message="The following asserts failed:
	Warning Message is not correct expected [true] but found [false]">
      <![CDATA[java.lang.AssertionError: The following asserts failed:
Warning Message is not correct expected [true] but found [false]
at com.tutorial.qa.testcases.LoginTest.verifyTutorialLoginWithEmptyUsernameAndValidPassword(LoginTest.java:148)
at java.base/java.util.ArrayList.forEach(ArrayList.java:1511)
... Removed 29 stack frames]]>
    </failure>
  </testcase> <!-- verifyTutorialLoginWithEmptyUsernameAndValidPassword -->
  <testcase classname="com.tutorial.qa.testcases.LoginTest" name="verifyTutorialLoginWithValidUsernameAndEmptyPassword" time="0.604">
    <failure type="java.lang.AssertionError" message="The following asserts failed:
	Warning Message is not correct expected [true] but found [false]">
      <![CDATA[java.lang.AssertionError: The following asserts failed:
Warning Message is not correct expected [true] but found [false]
at com.tutorial.qa.testcases.LoginTest.verifyTutorialLoginWithValidUsernameAndEmptyPassword(LoginTest.java:167)
at java.base/java.util.ArrayList.forEach(ArrayList.java:1511)
... Removed 29 stack frames]]>
    </failure>
  </testcase> <!-- verifyTutorialLoginWithValidUsernameAndEmptyPassword -->
</testsuite> <!-- Test -->
